<?xml version="1.0" encoding="UTF-8"?>
<testsuite xmlns:xsi="http://www.w3.org/2001/XMLSchema-instance" xsi:noNamespaceSchemaLocation="https://maven.apache.org/surefire/maven-surefire-plugin/xsd/surefire-test-report.xsd" name="bexysuttx.gomoku.impl.DefaultHumanTurnTest" time="0.414" tests="2" errors="0" skipped="0" failures="0">
  <properties>
[...]
</properties>
  <testcase name="testSetGameTableNotNull" classname="bexysuttx.gomoku.impl.DefaultHumanTurnTest" time="0.229"/>
  <testcase name="testMakeTurn" classname="bexysuttx.gomoku.impl.DefaultHumanTurnTest" time="0.142"/>
</testsuite>